WARNING:2023-02-08 11:32:09,886:PyNaCl is not installed, voice will NOT be supported
DEBUG:2023-02-08 11:32:09,889:on_ready has successfully been registered as an event
DEBUG:2023-02-08 11:32:09,890:on_member_join has successfully been registered as an event
DEBUG:2023-02-08 11:32:09,893:on_message has successfully been registered as an event
DEBUG:2023-02-08 11:32:09,896:Using proactor: IocpProactor
INFO:2023-02-08 11:32:09,899:logging in using static token
INFO:2023-02-08 11:32:10,344:Shard ID None has connected to Gateway (Session ID: ed87b7239ed990771f157b7b6dcee100).
INFO:2023-02-08 11:32:12,373:Logged in as a bot AFVA-BOT#8057
INFO:2023-02-08 11:32:21,342:danielgduhon used !verify in testing channel.
INFO:2023-02-08 11:32:21,620:Sent verification link to danielgduhon.
DEBUG:2023-02-08 11:32:24,729:Starting new HTTPS connection (1): dev.afva.net:443
DEBUG:2023-02-08 11:32:24,987:https://dev.afva.net:443 "GET /discord_info.ws?id=0995 HTTP/1.1" 200 302
DEBUG:2023-02-08 11:32:24,992:Received Daniel Duhon - AFV737 and ['917498994098331659', '646449250632466445', '895322298649829396', '993134705690026064', '646449197469532172', '884657255046332426', '646467957823635483', '646467552259735562'] roles.
INFO:2023-02-08 11:32:24,994:You already have the Pilots role! Moving on...
INFO:2023-02-08 11:32:24,997:You already have the Fleet Staff role! Moving on...
INFO:2023-02-08 11:32:25,000:You already have the Instructors role! Moving on...
INFO:2023-02-08 11:32:25,003:You already have the IT role! Moving on...
INFO:2023-02-08 11:32:25,006:You already have the Senior Staff role! Moving on...
INFO:2023-02-08 11:32:25,009:You already have the Events role! Moving on...
INFO:2023-02-08 11:32:25,012:You already have the Assistant Chief Pilot role! Moving on...
INFO:2023-02-08 11:32:25,016:You already have the B777-300 - Stage 4 role! Moving on...
INFO:2023-02-08 11:32:25,183:User successfully verified.
ERROR:2023-02-08 11:32:25,349:The bot does not have permission to change danielgduhon#0995's nickname! Please verify action and try again.
