WARNING:2023-02-18 15:30:12,528:PyNaCl is not installed, voice will NOT be supported
DEBUG:2023-02-18 15:30:12,528:on_ready has successfully been registered as an event
DEBUG:2023-02-18 15:30:12,528:on_member_join has successfully been registered as an event
DEBUG:2023-02-18 15:30:12,528:on_message has successfully been registered as an event
DEBUG:2023-02-18 15:30:12,529:Using selector: KqueueSelector
INFO:2023-02-18 15:30:12,529:logging in using static token
INFO:2023-02-18 15:30:13,324:Shard ID None has connected to Gateway (Session ID: ec98ff9b8fe96a421ff9dc555eba44fe).
INFO:2023-02-18 15:30:15,339:Logged in as a bot AFVA-BOT#8057
INFO:2023-02-18 15:30:24,369:danielgduhon used !verify in testing channel.
INFO:2023-02-18 15:30:24,751:Sent verification link to danielgduhon.
DEBUG:2023-02-18 15:30:31,535:Starting new HTTPS connection (1): dev.afva.net:443
DEBUG:2023-02-18 15:30:31,844:https://dev.afva.net:443 "GET /discord_info.ws?id=0995 HTTP/1.1" 200 302
DEBUG:2023-02-18 15:30:31,846:Received Daniel Duhon - AFV737 and [646368864187318302, 917498994098331659, 646449250632466445, 895322298649829396, 993134705690026064, 884657255046332426, 646449303677829126, 646467957823635483, 646467552259735562] roles.
INFO:2023-02-18 15:30:31,846:You already have the @everyone role! Moving on...
INFO:2023-02-18 15:30:31,846:You already have the Pilots role! Moving on...
INFO:2023-02-18 15:30:31,847:You already have the Fleet Staff role! Moving on...
INFO:2023-02-18 15:30:31,847:You already have the Instructors role! Moving on...
INFO:2023-02-18 15:30:31,848:You already have the IT role! Moving on...
INFO:2023-02-18 15:30:31,848:You already have the Events role! Moving on...
INFO:2023-02-18 15:30:31,849:You already have the Operations & Administrative Staff role! Moving on...
INFO:2023-02-18 15:30:31,849:You already have the Assistant Chief Pilot role! Moving on...
INFO:2023-02-18 15:30:31,850:You already have the B777-300 - Stage 4 role! Moving on...
INFO:2023-02-18 15:30:32,005:User successfully verified.
ERROR:2023-02-18 15:30:32,139:The bot does not have permission to change danielgduhon#0995's nickname! Please verify action and try again.
INFO:2023-02-18 15:31:09,955:danielgduhon#0995 used !sync.
DEBUG:2023-02-18 15:31:09,959:Starting new HTTPS connection (1): dev.afva.net:443
DEBUG:2023-02-18 15:31:10,261:https://dev.afva.net:443 "GET /discord_info.ws?id=0995 HTTP/1.1" 200 302
DEBUG:2023-02-18 15:31:10,264:Received Daniel Duhon - AFV737 and [646368864187318302, 917498994098331659, 646449250632466445, 895322298649829396, 993134705690026064, 884657255046332426, 646449303677829126, 646467957823635483, 646467552259735562] roles.
INFO:2023-02-18 15:31:10,626:danielgduhon#0995's nickname was already up to date.
ERROR:2023-02-18 15:31:11,470:An unknown error occurred.
