WARNING:2023-02-10 14:08:44,697:PyNaCl is not installed, voice will NOT be supported
DEBUG:2023-02-10 14:08:44,714:on_ready has successfully been registered as an event
DEBUG:2023-02-10 14:08:44,728:on_member_join has successfully been registered as an event
DEBUG:2023-02-10 14:08:44,742:on_message has successfully been registered as an event
DEBUG:2023-02-10 14:08:44,756:Using proactor: IocpProactor
INFO:2023-02-10 14:08:44,767:logging in using static token
INFO:2023-02-10 14:08:45,248:Shard ID None has connected to Gateway (Session ID: af2ab39295a2121bc207f814bd63572c).
INFO:2023-02-10 14:08:47,288:Logged in as a bot AFVA-BOT#8057
INFO:2023-02-10 14:08:51,669:danielgduhon#0995 used ?help?
INFO:2023-02-10 14:10:06,592:jonathanpduhon used !verify in testing channel.
INFO:2023-02-10 14:10:07,003:Sent verification link to jonathanpduhon.
DEBUG:2023-02-10 14:10:12,317:Starting new HTTPS connection (1): dev.afva.net:443
DEBUG:2023-02-10 14:10:12,621:https://dev.afva.net:443 "GET /discord_info.ws?id=5792 HTTP/1.1" 200 167
DEBUG:2023-02-10 14:10:12,627:Received Jonathan Duhon - AFV1171 and ['917498994098331659', '646449250632466445', '943237140270170182', '646467552259735562'] roles.
INFO:2023-02-10 14:10:12,811:Added Pilots role to jonathanpduhon#5792.
INFO:2023-02-10 14:10:13,036:Added Fleet Staff role to jonathanpduhon#5792.
INFO:2023-02-10 14:10:13,200:Added First Officer role to jonathanpduhon#5792.
INFO:2023-02-10 14:10:13,396:Added B777-300 - Stage 4 role to jonathanpduhon#5792.
INFO:2023-02-10 14:10:13,731:User successfully verified.
INFO:2023-02-10 14:10:13,945:jonathanpduhon#5792's nickname was updated to: Jonathan Duhon - AFV1171.
INFO:2023-02-10 14:24:01,841:Shard ID None has successfully RESUMED session af2ab39295a2121bc207f814bd63572c.
INFO:2023-02-10 15:36:08,941:Shard ID None has successfully RESUMED session af2ab39295a2121bc207f814bd63572c.
